 Warning: Only a single CPU will be used!

     Program TDDFPT_PP v.6.7MaX starts on  5Dec2023 at 15:11:17 

     This program is part of the open-source Quantum ESPRESSO suite
     for quantum simulation of materials; please cite
         "P. Giannozzi et al., J. Phys.:Condens. Matter 21 395502 (2009);
         "P. Giannozzi et al., J. Phys.:Condens. Matter 29 465901 (2017);
          URL http://www.quantum-espresso.org", 
     in publications or presentations arising from this work. More details at
     http://www.quantum-espresso.org/quote

     Parallel version (MPI), running on   170 processors

     MPI processes distributed on     1 nodes
     R & G space division:  proc/nbgrp/npool/nimage =     170

     Reading    500 Lanczos steps for direction 1
        500 steps will be considered


     Reading    500 Lanczos steps for direction 2
        500 steps will be considered


     Reading    500 Lanczos steps for direction 3
        500 steps will be considered


     Polarization direction:1
     Lanczos coefficients:
     Average =    27.92141710
     Average oscillation amplitude =     0.22610721

     Polarization direction:2
     Lanczos coefficients:
     Average =    31.83149717
     Average oscillation amplitude =     0.09161081

     Polarization direction:3
     Lanczos coefficients:
     Average =    33.06431903
     Average oscillation amplitude =    -0.32486722

     Data ready, starting to calculate observables...

     Broadening =      0.00514490 Ry

     Output file name: Monomer_J.plot_chi.d

     Output file name for the oscillator strength S  Monomer_J.plot_S.dat

     chi_i_j: dipole polarizability tensor  in units of e^2*a_0^2/energy

     S: oscillator strength in units of 1/energy

     S(\hbar \omega) = 2m/( 3 \pi e^2 \hbar)  \omega sum_j chi_j_j

     S(\hbar \omega) satisfies the f-sum rule:  \int_0^\infty dE S(E) = N_el 

     Functions are reported in \hbar.\omega  Energy unit is (eV)

     TDDFPT_PP    :      0.62s CPU      0.62s WALL


   This run was terminated on:  15:11:18   5Dec2023            

=------------------------------------------------------------------------------=
   JOB DONE.
=------------------------------------------------------------------------------=
