 Warning: Only a single CPU will be used!

     Program TDDFPT_PP v.6.7MaX starts on 13Dec2023 at 12: 9:45 

     This program is part of the open-source Quantum ESPRESSO suite
     for quantum simulation of materials; please cite
         "P. Giannozzi et al., J. Phys.:Condens. Matter 21 395502 (2009);
         "P. Giannozzi et al., J. Phys.:Condens. Matter 29 465901 (2017);
          URL http://www.quantum-espresso.org", 
     in publications or presentations arising from this work. More details at
     http://www.quantum-espresso.org/quote

     Parallel version (MPI), running on   170 processors

     MPI processes distributed on     1 nodes
     R & G space division:  proc/nbgrp/npool/nimage =     170

     Reading   1500 Lanczos steps for direction 1
       1500 steps will be considered


     Reading   1500 Lanczos steps for direction 2
       1500 steps will be considered


     Reading   1500 Lanczos steps for direction 3
       1500 steps will be considered


     Polarization direction:1
     Lanczos coefficients:
     Average =    33.22231688
     Average oscillation amplitude =    -0.04881450

     Polarization direction:2
     Lanczos coefficients:
     Average =    36.57519597
     Average oscillation amplitude =     0.11342588

     Polarization direction:3
     Lanczos coefficients:
     Average =    33.39087067
     Average oscillation amplitude =    -0.24324429

     Data ready, starting to calculate observables...

     Broadening =      0.00514490 Ry

     Output file name: Monomer_J.plot_chi.d

     Output file name for the oscillator strength S  Monomer_J.plot_S.dat

     chi_i_j: dipole polarizability tensor  in units of e^2*a_0^2/energy

     S: oscillator strength in units of 1/energy

     S(\hbar \omega) = 2m/( 3 \pi e^2 \hbar)  \omega sum_j chi_j_j

     S(\hbar \omega) satisfies the f-sum rule:  \int_0^\infty dE S(E) = N_el 

     Functions are reported in \hbar.\omega  Energy unit is (eV)

     TDDFPT_PP    :      0.50s CPU      0.51s WALL


   This run was terminated on:  12: 9:45  13Dec2023            

=------------------------------------------------------------------------------=
   JOB DONE.
=------------------------------------------------------------------------------=
